c:\users\mr_k\documents\서버\(학부)서버과제\winapi 서버\(기말과제)iocp_chatsever\release\vc142.pdb
c:\users\mr_k\documents\서버\(학부)서버과제\winapi 서버\(기말과제)iocp_chatsever\release\msocket.obj
c:\users\mr_k\documents\서버\(학부)서버과제\winapi 서버\(기말과제)iocp_chatsever\release\mthread.obj
c:\users\mr_k\documents\서버\(학부)서버과제\winapi 서버\(기말과제)iocp_chatsever\release\mainwindow.obj
c:\users\mr_k\documents\서버\(학부)서버과제\winapi 서버\(기말과제)iocp_chatsever\release\main.obj
c:\users\mr_k\documents\서버\(학부)서버과제\winapi 서버\chatclient\iocp_chatsever\release\vc142.pdb
c:\users\mr_k\documents\서버\(학부)서버과제\winapi 서버\chatclient\iocp_chatsever\release\main.obj
c:\users\mr_k\documents\서버\(학부)서버과제\winapi 서버\chatclient\iocp_chatsever\release\winapi.obj
c:\users\mr_k\desktop\winapi 서버\iocp_chatsever\release\iocp_chatsever.ipdb
c:\users\mr_k\desktop\winapi 서버\iocp_chatsever\release\iocp_chatsever.iobj
c:\users\mr_k\documents\서버\(학부)서버과제\winapi 서버\(기말과제)iocp_chatsever\release\iocp_chatsever.ipdb
c:\users\mr_k\documents\서버\(학부)서버과제\winapi 서버\(기말과제)iocp_chatsever\release\iocp_chatsever.iobj
c:\users\mr_k\documents\서버\(학부)서버과제\winapi 서버\chatclient\iocp_chatsever\release\iocp_chatsever.ipdb
c:\users\mr_k\documents\서버\(학부)서버과제\winapi 서버\chatclient\iocp_chatsever\release\iocp_chatsever.iobj
c:\users\mr_k\documents\서버\(학부)서버과제\winapi 서버\(기말과제)iocp_chatsever\release\iocp_chatsever.exe
c:\users\mr_k\documents\서버\(학부)서버과제\winapi 서버\(기말과제)iocp_chatsever\release\iocp_chatsever.pdb
c:\users\mr_k\documents\서버\(학부)서버과제\winapi 서버\chatclient\iocp_chatsever\release\iocp_chatsever.exe
c:\users\mr_k\documents\서버\(학부)서버과제\winapi 서버\chatclient\iocp_chatsever\release\iocp_chatsever.pdb
c:\users\mr_k\documents\서버\(학부)서버과제\winapi 서버\(기말과제)iocp_chatsever\release\iocp_chatsever.res
c:\users\mr_k\documents\서버\(학부)서버과제\winapi 서버\chatclient\iocp_chatsever\release\iocp_chatsever.res
c:\users\mr_k\documents\서버\(학부)서버과제\winapi 서버\chatclient\iocp_chatsever\release\mainwindow.obj
c:\users\mr_k\documents\서버\(학부)서버과제\winapi 서버\chatclient\iocp_chatsever\release\msocket.obj
c:\users\mr_k\documents\서버\(학부)서버과제\winapi 서버\chatclient\iocp_chatsever\release\mthread.obj
c:\users\mr_k\documents\서버\(학부)서버과제\winapi 서버\chatclient\iocp_chatsever\release\vc141.pdb
c:\users\mr_k\documents\서버\(학부)서버과제\winapi 서버\chatclient\iocp_chatsever\release\iocp_chatsever.tlog\cl.command.1.tlog
c:\users\mr_k\documents\서버\(학부)서버과제\winapi 서버\chatclient\iocp_chatsever\release\iocp_chatsever.tlog\cl.read.1.tlog
c:\users\mr_k\documents\서버\(학부)서버과제\winapi 서버\chatclient\iocp_chatsever\release\iocp_chatsever.tlog\cl.write.1.tlog
c:\users\mr_k\documents\서버\(학부)서버과제\winapi 서버\chatclient\iocp_chatsever\release\iocp_chatsever.tlog\iocp_chatsever.write.1u.tlog
c:\users\mr_k\documents\서버\(학부)서버과제\winapi 서버\chatclient\iocp_chatsever\release\iocp_chatsever.tlog\link.command.1.tlog
c:\users\mr_k\documents\서버\(학부)서버과제\winapi 서버\chatclient\iocp_chatsever\release\iocp_chatsever.tlog\link.read.1.tlog
c:\users\mr_k\documents\서버\(학부)서버과제\winapi 서버\chatclient\iocp_chatsever\release\iocp_chatsever.tlog\link.write.1.tlog
c:\users\mr_k\documents\서버\(학부)서버과제\winapi 서버\chatclient\iocp_chatsever\release\iocp_chatsever.tlog\rc.command.1.tlog
c:\users\mr_k\documents\서버\(학부)서버과제\winapi 서버\chatclient\iocp_chatsever\release\iocp_chatsever.tlog\rc.read.1.tlog
c:\users\mr_k\documents\서버\(학부)서버과제\winapi 서버\chatclient\iocp_chatsever\release\iocp_chatsever.tlog\rc.write.1.tlog
